Running main() from gtest_main.cc
[==========] Running 7 tests from 1 test case.
[----------] Global test environment set-up.
[----------] 7 tests from Voting
[ RUN      ] Voting.read
THIS > 2
[       OK ] Voting.read (31 ms)
[ RUN      ] Voting.read_2
THIS > 1
John Doe
1 2 3
3 2 1
[       OK ] Voting.read_2 (5 ms)
[ RUN      ] Voting.read_3
THIS > 2
John Doe
Jane Smith
1 2 3
3 2 1
2 3 1
[       OK ] Voting.read_3 (5 ms)
[ RUN      ] Voting.read_4
THIS > 2
John Doe
Jane Smith
Sirhan Sirhan
1 2 3
3 2 1
2 3 1
1 3 2
[       OK ] Voting.read_4 (5 ms)
[ RUN      ] Voting.print
Iterations >>>> 1TestVoting.c++:113: Failure
Value of: w.str().compare("John Doe\n")
  Actual: false
Expected: true
[  FAILED  ] Voting.print (38 ms)
[ RUN      ] Voting.print_2
Iterations >>>> 1[       OK ] Voting.print_2 (3 ms)
[ RUN      ] Voting.print_3
Iterations >>>> 1[       OK ] Voting.print_3 (4 ms)
[----------] 7 tests from Voting (107 ms total)

[----------] Global test environment tear-down
[==========] 7 tests from 1 test case ran. (149 ms total)
[  PASSED  ] 6 tests.
[  FAILED  ] 1 test, listed below:
[  FAILED  ] Voting.print

 1 FAILED TEST
